[debug] ----------------------------------------------------------------------
[debug] Command:      c:\Pgm\nodejs\node.exe c:\Pgm\npm\node_modules\firebase-tools\bin\firebase login
[debug] CLI Version:  3.2.1
[debug] Platform:     win32
[debug] Node Version: v4.5.0
[debug] Time:         Wed Jan 25 2017 19:48:25 GMT+0100 (Romance Standard Time)
[debug] ----------------------------------------------------------------------
[debug] 
[info] 
[info] Visit this URL on any device to log in:
[info] https://accounts.google.com/o/oauth2/auth?client_id=563584335869-fgrhgmd47bqnekij5i8b5pr03ho849e6.apps.googleusercontent.com&scope=email%20openid%20https%3A%2F%2Fwww.googleapis.com%2Fauth%2Fcloudplatformprojects.readonly%20https%3A%2F%2Fwww.googleapis.com%2Fauth%2Ffirebase&response_type=code&state=489088048&redirect_uri=http%3A%2F%2Flocalhost%3A9005
[info] 
[info] Waiting for authentication...
[debug] >>> HTTP REQUEST POST https://accounts.google.com/o/oauth2/token
[debug] ----------------------------------------------------------------------
[debug] Command:      c:\Pgm\nodejs\node.exe c:\Pgm\npm\node_modules\firebase-tools\bin\firebase login
[debug] CLI Version:  3.2.1
[debug] Platform:     win32
[debug] Node Version: v4.5.0
[debug] Time:         Wed Jan 25 2017 19:49:12 GMT+0100 (Romance Standard Time)
[debug] ----------------------------------------------------------------------
[debug] 
[info] 
[info] Visit this URL on any device to log in:
[info] https://accounts.google.com/o/oauth2/auth?client_id=563584335869-fgrhgmd47bqnekij5i8b5pr03ho849e6.apps.googleusercontent.com&scope=email%20openid%20https%3A%2F%2Fwww.googleapis.com%2Fauth%2Fcloudplatformprojects.readonly%20https%3A%2F%2Fwww.googleapis.com%2Fauth%2Ffirebase&response_type=code&state=706619221&redirect_uri=http%3A%2F%2Flocalhost%3A9005
[info] 
[info] Waiting for authentication...
[debug] >>> HTTP REQUEST POST https://accounts.google.com/o/oauth2/token
